[2022-10-21 00:38:04] [ INFO ] [ICategoriasService:36] Comenzó el proceso: listando categorías
[2022-10-21 00:41:31] [ INFO ] [ICategoriasService:41] Comenzó el proceso: guardando categoría
[2022-10-21 00:41:55] [ INFO ] [ICategoriasService:41] Comenzó el proceso: guardando categoría
[2022-10-21 00:42:05] [ INFO ] [ICategoriasService:36] Comenzó el proceso: listando categorías
[2022-10-21 00:50:36] [ INFO ] [ICategoriasService:36] Comenzó el proceso: listando categorías
[2022-10-21 00:51:29] [ INFO ] [ICategoriasService:36] Comenzó el proceso: listando categorías
[2022-10-21 00:52:15] [ INFO ] [ICategoriasService:36] Comenzó el proceso: listando categorías
[2022-10-21 00:52:30] [ INFO ] [ICategoriasService:36] Comenzó el proceso: listando categorías
[2022-10-21 00:52:55] [ INFO ] [ICategoriasService:36] Comenzó el proceso: listando categorías
[2022-10-21 22:44:50] [ INFO ] [ICategoriasService:41] Comenzó el proceso: guardando categoría
[2022-10-21 22:51:30] [ INFO ] [ICategoriasService:36] Comenzó el proceso: listando categorías
[2022-10-21 22:53:13] [ INFO ] [ICategoriasService:41] Comenzó el proceso: guardando categoría
[2022-10-21 23:00:35] [ INFO ] [ICategoriasService:48] Se editó la categoría
[2022-10-21 23:01:40] [ ERROR] [GlobalExceptions:16] No se encontró la categoría con id= 3 para eliminarla. Error al ingresar el id.
[2022-10-21 23:01:51] [ INFO ] [ICategoriasService:36] Comenzó el proceso: listando categorías
[2022-10-21 23:02:11] [ INFO ] [ICategoriasService:36] Comenzó el proceso: listando categorías
[2022-10-21 23:02:29] [ INFO ] [ICategoriasService:36] Comenzó el proceso: listando categorías
[2022-10-21 23:02:39] [ INFO ] [ICategoriasService:41] Comenzó el proceso: guardando categoría
[2022-10-21 23:07:09] [ INFO ] [ICategoriasService:41] Comenzó el proceso: guardando categoría
[2022-10-21 23:08:00] [ INFO ] [ICategoriasService:48] Se editó la categoría
[2022-10-21 23:08:27] [ INFO ] [ICategoriasService:36] Comenzó el proceso: listando categorías
[2022-10-21 23:09:02] [ INFO ] [ICategoriasService:36] Comenzó el proceso: listando categorías
[2022-10-21 23:10:40] [ INFO ] [ICategoriasService:36] Comenzó el proceso: listando categorías
[2022-10-21 23:10:50] [ INFO ] [ICategoriasService:36] Comenzó el proceso: listando categorías
[2022-10-21 23:10:54] [ INFO ] [ICategoriasService:41] Comenzó el proceso: guardando categoría
[2022-10-21 23:11:20] [ INFO ] [ICategoriasService:48] Se editó la categoría
[2022-10-24 22:58:47] [ INFO ] [ICategoriasService:41] Comenzó el proceso: guardando categoría
[2022-10-24 22:58:56] [ INFO ] [ICategoriasService:36] Comenzó el proceso: listando categorías
[2022-10-24 22:59:29] [ INFO ] [ICategoriasService:36] Comenzó el proceso: listando categorías
[2022-10-24 22:59:35] [ INFO ] [ICategoriasService:36] Comenzó el proceso: listando categorías
[2022-10-24 22:59:46] [ INFO ] [ICategoriasService:36] Comenzó el proceso: listando categorías
[2022-10-24 23:03:51] [ INFO ] [ICategoriasService:36] Comenzó el proceso: listando categorías
[2022-10-24 23:04:00] [ INFO ] [ICategoriasService:36] Comenzó el proceso: listando categorías
[2022-10-24 23:04:07] [ INFO ] [ICategoriasService:36] Comenzó el proceso: listando categorías
[2022-10-24 23:05:02] [ INFO ] [ICategoriasService:36] Comenzó el proceso: listando categorías
[2022-10-24 23:05:12] [ INFO ] [ICategoriasService:36] Comenzó el proceso: listando categorías
[2022-10-24 23:05:21] [ INFO ] [ICategoriasService:36] Comenzó el proceso: listando categorías
[2022-10-24 23:05:53] [ INFO ] [ICategoriasService:36] Comenzó el proceso: listando categorías
[2022-10-26 22:50:25] [ INFO ] [ICategoriasService:41] Comenzó el proceso: guardando categoría
[2022-10-26 22:51:04] [ INFO ] [ICategoriasService:41] Comenzó el proceso: guardando categoría
[2022-10-26 22:52:42] [ INFO ] [ICategoriasService:41] Comenzó el proceso: guardando categoría
[2022-10-26 22:53:56] [ INFO ] [ICategoriasService:41] Comenzó el proceso: guardando categoría
[2022-10-26 22:56:50] [ ERROR] [GlobalExceptions:16] No se encontró la categoría con id= 5 para eliminarla. Error al ingresar el id.
[2022-10-26 22:56:55] [ INFO ] [ICategoriasService:36] Comenzó el proceso: listando categorías
[2022-10-26 22:57:42] [ ERROR] [GlobalExceptions:16] No se encontró la categoría con id= 14 para eliminarla. Error al ingresar el id.
[2022-10-26 22:57:48] [ INFO ] [ICategoriasService:36] Comenzó el proceso: listando categorías
[2022-10-26 22:59:08] [ INFO ] [ICategoriasService:41] Comenzó el proceso: guardando categoría
[2022-10-26 23:04:29] [ INFO ] [ICategoriasService:41] Comenzó el proceso: guardando categoría
[2022-10-26 23:04:58] [ INFO ] [ICategoriasService:36] Comenzó el proceso: listando categorías
[2022-10-26 23:05:18] [ INFO ] [ICategoriasService:41] Comenzó el proceso: guardando categoría
[2022-10-26 23:06:09] [ INFO ] [ICategoriasService:41] Comenzó el proceso: guardando categoría
[2022-10-26 23:06:24] [ INFO ] [ICategoriasService:41] Comenzó el proceso: guardando categoría
[2022-10-26 23:06:39] [ INFO ] [ICategoriasService:41] Comenzó el proceso: guardando categoría
[2022-10-26 23:07:20] [ INFO ] [ICategoriasService:41] Comenzó el proceso: guardando categoría
[2022-10-26 23:09:32] [ INFO ] [ICategoriasService:36] Comenzó el proceso: listando categorías
[2022-10-26 23:10:12] [ INFO ] [ICategoriasService:36] Comenzó el proceso: listando categorías
[2022-10-26 23:15:16] [ INFO ] [ICategoriasService:41] Comenzó el proceso: guardando categoría
[2022-10-26 23:15:28] [ INFO ] [ICategoriasService:41] Comenzó el proceso: guardando categoría
[2022-10-26 23:15:35] [ INFO ] [ICategoriasService:41] Comenzó el proceso: guardando categoría
[2022-10-26 23:15:49] [ INFO ] [ICategoriasService:36] Comenzó el proceso: listando categorías
[2022-10-26 23:16:20] [ INFO ] [ICategoriasService:41] Comenzó el proceso: guardando categoría
[2022-10-26 23:16:50] [ INFO ] [ICategoriasService:36] Comenzó el proceso: listando categorías
[2022-10-26 23:17:11] [ INFO ] [ICategoriasService:41] Comenzó el proceso: guardando categoría
[2022-10-26 23:17:24] [ INFO ] [ICategoriasService:36] Comenzó el proceso: listando categorías
[2022-10-26 23:19:01] [ INFO ] [ICategoriasService:36] Comenzó el proceso: listando categorías
[2022-10-26 23:19:34] [ ERROR] [GlobalExceptions:16] No se encontró la categoría con id= 3 para editarla. Error al ingresar el id.
[2022-10-26 23:19:56] [ INFO ] [ICategoriasService:48] Se editó la categoría
[2022-10-26 23:20:00] [ INFO ] [ICategoriasService:36] Comenzó el proceso: listando categorías
[2022-10-26 23:30:03] [ INFO ] [ICategoriasService:36] Comenzó el proceso: listando categorías
[2022-10-26 23:59:03] [ INFO ] [ICategoriasService:36] Comenzó el proceso: listando categorías
[2022-10-27 00:03:18] [ INFO ] [ICategoriasService:41] Comenzó el proceso: guardando categoría
[2022-10-27 00:03:23] [ INFO ] [ICategoriasService:36] Comenzó el proceso: listando categorías
[2022-10-27 00:05:01] [ INFO ] [ICategoriasService:41] Comenzó el proceso: guardando categoría
[2022-10-27 00:05:24] [ INFO ] [ICategoriasService:36] Comenzó el proceso: listando categorías
[2022-10-27 00:07:04] [ INFO ] [ICategoriasService:48] Se editó la categoría
[2022-10-27 00:09:11] [ INFO ] [ICategoriasService:36] Comenzó el proceso: listando categorías
[2022-10-27 00:09:45] [ INFO ] [ICategoriasService:36] Comenzó el proceso: listando categorías
[2022-10-27 00:10:15] [ INFO ] [ICategoriasService:36] Comenzó el proceso: listando categorías
[2022-10-27 00:10:15] [ INFO ] [ICategoriasService:41] Comenzó el proceso: guardando categoría
[2022-10-27 00:10:15] [ ERROR] [GlobalExceptions:16] No se encontró la categoría con id= 31 para eliminarla. Error al ingresar el id.
[2022-10-27 00:10:15] [ ERROR] [GlobalExceptions:16] No se encontró la categoría con id= 31 para editarla. Error al ingresar el id.
[2022-10-27 00:10:15] [ INFO ] [ICategoriasService:36] Comenzó el proceso: listando categorías
[2022-10-27 00:11:18] [ INFO ] [ICategoriasService:36] Comenzó el proceso: listando categorías
[2022-10-27 00:11:18] [ INFO ] [ICategoriasService:41] Comenzó el proceso: guardando categoría
[2022-10-27 00:11:18] [ ERROR] [GlobalExceptions:16] No se encontró la categoría con id= 31 para eliminarla. Error al ingresar el id.
[2022-10-27 00:11:18] [ ERROR] [GlobalExceptions:16] No se encontró la categoría con id= 31 para editarla. Error al ingresar el id.
[2022-10-27 00:11:18] [ INFO ] [ICategoriasService:36] Comenzó el proceso: listando categorías
[2022-10-27 00:13:00] [ INFO ] [ICategoriasService:41] Comenzó el proceso: guardando categoría
[2022-10-27 00:13:16] [ INFO ] [ICategoriasService:41] Comenzó el proceso: guardando categoría
[2022-10-27 00:13:23] [ INFO ] [ICategoriasService:41] Comenzó el proceso: guardando categoría
[2022-10-27 00:14:06] [ INFO ] [ICategoriasService:41] Comenzó el proceso: guardando categoría
[2022-10-27 00:18:18] [ INFO ] [ICategoriasService:36] Comenzó el proceso: listando categorías
[2022-10-27 00:22:03] [ ERROR] [GlobalExceptions:16] No se encontró la categoría con id= 40 para eliminarla. Error al ingresar el id.
[2022-10-27 00:23:56] [ INFO ] [ICategoriasService:36] Comenzó el proceso: listando categorías
[2022-10-27 00:24:34] [ INFO ] [ICategoriasService:41] Comenzó el proceso: guardando categoría
[2022-10-27 00:24:53] [ INFO ] [ICategoriasService:41] Comenzó el proceso: guardando categoría
[2022-10-27 00:25:00] [ INFO ] [ICategoriasService:36] Comenzó el proceso: listando categorías
[2022-10-27 00:25:28] [ INFO ] [ICategoriasService:36] Comenzó el proceso: listando categorías
[2022-10-27 00:26:09] [ INFO ] [ICategoriasService:36] Comenzó el proceso: listando categorías
[2022-10-27 00:26:18] [ INFO ] [ICategoriasService:48] Se editó la categoría
[2022-10-27 00:27:24] [ INFO ] [ICategoriasService:48] Se editó la categoría
[2022-10-27 00:28:00] [ INFO ] [ICategoriasService:48] Se editó la categoría
[2022-10-27 00:29:36] [ INFO ] [ICategoriasService:36] Comenzó el proceso: listando categorías
[2022-10-27 00:30:30] [ INFO ] [ICategoriasService:48] Se editó la categoría
[2022-10-27 00:32:02] [ INFO ] [ICategoriasService:48] Se editó la categoría
[2022-10-27 00:32:27] [ INFO ] [ICategoriasService:48] Se editó la categoría
[2022-10-27 00:33:35] [ INFO ] [ICategoriasService:36] Comenzó el proceso: listando categorías
[2022-10-27 00:33:55] [ INFO ] [ICategoriasService:36] Comenzó el proceso: listando categorías
[2022-10-27 00:41:16] [ INFO ] [ICategoriasService:36] Comenzó el proceso: listando categorías
[2022-10-27 00:41:45] [ INFO ] [ICategoriasService:36] Comenzó el proceso: listando categorías
[2022-10-27 00:42:00] [ INFO ] [ICategoriasService:36] Comenzó el proceso: listando categorías
[2022-10-27 00:42:00] [ INFO ] [ICategoriasService:41] Comenzó el proceso: guardando categoría
[2022-10-27 00:42:00] [ ERROR] [GlobalExceptions:16] No se encontró la categoría con id= 40 para eliminarla. Error al ingresar el id.
[2022-10-27 00:42:00] [ INFO ] [ICategoriasService:48] Se editó la categoría
[2022-10-27 00:42:00] [ INFO ] [ICategoriasService:36] Comenzó el proceso: listando categorías
[2022-10-27 00:43:02] [ INFO ] [ICategoriasService:36] Comenzó el proceso: listando categorías
[2022-10-27 00:44:58] [ INFO ] [ICategoriasService:36] Comenzó el proceso: listando categorías
[2022-10-27 00:45:11] [ INFO ] [ICategoriasService:36] Comenzó el proceso: listando categorías
[2022-10-27 00:45:36] [ INFO ] [ICategoriasService:36] Comenzó el proceso: listando categorías
[2022-10-27 00:46:04] [ INFO ] [ICategoriasService:36] Comenzó el proceso: listando categorías
[2022-10-27 00:46:11] [ INFO ] [ICategoriasService:36] Comenzó el proceso: listando categorías
[2022-10-27 00:47:23] [ INFO ] [ICategoriasService:36] Comenzó el proceso: listando categorías
[2022-10-27 00:48:36] [ INFO ] [ICategoriasService:36] Comenzó el proceso: listando categorías
[2022-10-27 00:48:49] [ INFO ] [ICategoriasService:36] Comenzó el proceso: listando categorías
[2022-10-27 00:49:18] [ INFO ] [ICategoriasService:36] Comenzó el proceso: listando categorías
[2022-10-27 00:54:42] [ INFO ] [ICategoriasService:36] Comenzó el proceso: listando categorías
[2022-10-27 00:56:01] [ INFO ] [ICategoriasService:36] Comenzó el proceso: listando categorías
[2022-10-27 00:56:18] [ INFO ] [ICategoriasService:36] Comenzó el proceso: listando categorías
[2022-10-27 00:56:45] [ INFO ] [ICategoriasService:36] Comenzó el proceso: listando categorías
[2022-10-27 00:58:13] [ ERROR] [GlobalExceptions:16] No se encontró la categoría con id= 42 para eliminarla. Error al ingresar el id.
[2022-10-27 00:58:43] [ ERROR] [GlobalExceptions:16] No se encontró la categoría con id= 42 para eliminarla. Error al ingresar el id.
[2022-10-27 01:00:26] [ ERROR] [GlobalExceptions:16] No se encontró la categoría con id= 42 para eliminarla. Error al ingresar el id.
[2022-10-27 01:00:46] [ ERROR] [GlobalExceptions:16] No se encontró la categoría con id= 42 para eliminarla. Error al ingresar el id.
[2022-10-27 01:03:40] [ ERROR] [GlobalExceptions:16] No se encontró la categoría con id= 42 para eliminarla. Error al ingresar el id.
[2022-10-27 01:04:06] [ ERROR] [GlobalExceptions:16] No se encontró la categoría con id= 42 para eliminarla. Error al ingresar el id.
[2022-10-27 01:04:23] [ INFO ] [ICategoriasService:36] Comenzó el proceso: listando categorías
[2022-10-27 01:05:11] [ INFO ] [ICategoriasService:36] Comenzó el proceso: listando categorías
[2022-10-27 01:05:36] [ INFO ] [ICategoriasService:36] Comenzó el proceso: listando categorías
[2022-10-27 01:05:43] [ INFO ] [ICategoriasService:36] Comenzó el proceso: listando categorías
[2022-10-27 01:12:16] [ INFO ] [ICategoriasService:36] Comenzó el proceso: listando categorías
[2022-10-27 01:12:43] [ INFO ] [ICategoriasService:36] Comenzó el proceso: listando categorías
[2022-10-27 01:12:57] [ INFO ] [ICategoriasService:36] Comenzó el proceso: listando categorías
[2022-10-27 01:14:42] [ INFO ] [ICategoriasService:48] Se editó la categoría
[2022-10-27 01:15:04] [ INFO ] [ICategoriasService:48] Se editó la categoría
[2022-10-27 01:15:13] [ INFO ] [ICategoriasService:48] Se editó la categoría
[2022-10-27 01:15:22] [ INFO ] [ICategoriasService:48] Se editó la categoría
[2022-10-27 01:17:33] [ INFO ] [ICategoriasService:36] Comenzó el proceso: listando categorías
[2022-10-27 01:17:56] [ INFO ] [ICategoriasService:36] Comenzó el proceso: listando categorías
[2022-10-27 01:18:13] [ INFO ] [ICategoriasService:36] Comenzó el proceso: listando categorías
[2022-10-27 01:18:24] [ INFO ] [ICategoriasService:48] Se editó la categoría
[2022-10-27 01:19:11] [ INFO ] [ICategoriasService:36] Comenzó el proceso: listando categorías
[2022-10-27 01:20:08] [ INFO ] [ICategoriasService:36] Comenzó el proceso: listando categorías
[2022-10-27 01:20:32] [ INFO ] [ICategoriasService:36] Comenzó el proceso: listando categorías
[2022-10-27 01:21:00] [ INFO ] [ICategoriasService:36] Comenzó el proceso: listando categorías
[2022-10-27 01:21:43] [ INFO ] [ICategoriasService:36] Comenzó el proceso: listando categorías
[2022-10-27 01:22:13] [ INFO ] [ICategoriasService:36] Comenzó el proceso: listando categorías
[2022-10-27 01:22:32] [ INFO ] [ICategoriasService:36] Comenzó el proceso: listando categorías
[2022-10-27 01:25:43] [ INFO ] [ICategoriasService:48] Se editó la categoría
[2022-10-27 01:26:01] [ INFO ] [ICategoriasService:36] Comenzó el proceso: listando categorías
[2022-10-27 01:26:25] [ INFO ] [ICategoriasService:48] Se editó la categoría
[2022-10-27 01:26:36] [ INFO ] [ICategoriasService:36] Comenzó el proceso: listando categorías
[2022-10-27 01:27:05] [ INFO ] [ICategoriasService:48] Se editó la categoría
[2022-10-27 01:27:16] [ INFO ] [ICategoriasService:48] Se editó la categoría
[2022-10-27 01:27:23] [ INFO ] [ICategoriasService:48] Se editó la categoría
[2022-10-27 01:43:16] [ INFO ] [ICategoriasService:36] Comenzo el proceso: listando category
[2022-10-27 01:44:02] [ INFO ] [ICategoriasService:36] Comenzo el proceso: listando category
[2022-10-27 01:46:39] [ INFO ] [ICategoriasService:36] Comenzo el proceso: listando category
[2022-10-27 01:46:48] [ INFO ] [ICategoriasService:36] Comenzo el proceso: listando category
[2022-10-27 01:46:48] [ INFO ] [ICategoriasService:41] Comenzo el proceso: guardando categoria
[2022-10-27 01:46:48] [ ERROR] [GlobalExceptions:16] No se encontro la categoria con id= 42 para eliminarla. Error al ingresar el id.
[2022-10-27 01:46:48] [ INFO ] [ICategoriasService:48] Se edito la categoria
[2022-10-27 01:47:29] [ INFO ] [ICategoriasService:36] Comenzo el proceso: listando category
[2022-10-27 01:48:27] [ INFO ] [ICategoriasService:36] Comenzo el proceso: listando category
[2022-10-27 01:48:27] [ INFO ] [ICategoriasService:41] Comenzo el proceso: guardando categoria
[2022-10-27 01:48:27] [ ERROR] [GlobalExceptions:16] No se encontro la categoria con id= 42 para eliminarla. Error al ingresar el id.
[2022-10-27 01:48:27] [ INFO ] [ICategoriasService:48] Se edito la categoria
[2022-10-27 18:26:29] [ INFO ] [ICategoriasService:36] Comenzo el proceso: listando category
[2022-10-27 18:26:29] [ INFO ] [ICategoriasService:41] Comenzo el proceso: guardando categoria
[2022-10-27 18:26:29] [ ERROR] [GlobalExceptions:16] No se encontro la categoria con id= 44 para eliminarla. Error al ingresar el id.
[2022-10-27 18:26:29] [ ERROR] [GlobalExceptions:16] No se encontro la categoria con id= 42 para eliminarla. Error al ingresar el id.
[2022-10-27 18:26:29] [ INFO ] [ICategoriasService:48] Se edito la categoria
[2022-10-27 18:42:18] [ INFO ] [ICategoriasService:36] Comenzo el proceso: listando category
[2022-10-27 18:43:01] [ INFO ] [ICategoriasService:36] Comenzo el proceso: listando category
[2022-10-27 18:44:18] [ INFO ] [ICategoriasService:36] Comenzo el proceso: listando category
[2022-10-27 18:46:03] [ INFO ] [ICategoriasService:36] Comenzo el proceso: listando category
[2022-10-27 18:48:50] [ INFO ] [ICategoriasService:41] Comenzo el proceso: guardando categoria
[2022-10-27 18:49:33] [ ERROR] [GlobalExceptions:16] No se encontro la categoria con id= 60 para eliminarla. Error al ingresar el id.
[2022-10-27 18:50:31] [ INFO ] [ICategoriasService:36] Comenzo el proceso: listando category
[2022-10-27 18:50:49] [ INFO ] [ICategoriasService:48] Se edito la categoria
[2022-10-27 18:50:58] [ INFO ] [ICategoriasService:36] Comenzo el proceso: listando category
[2022-10-27 18:51:44] [ INFO ] [ICategoriasService:36] Comenzo el proceso: listando category
[2022-10-27 18:51:44] [ INFO ] [ICategoriasService:41] Comenzo el proceso: guardando categoria
[2022-10-27 18:51:44] [ ERROR] [GlobalExceptions:16] No se encontro la categoria con id= 49 para eliminarla. Error al ingresar el id.
[2022-10-27 18:51:44] [ ERROR] [GlobalExceptions:16] No se encontro la categoria con id= 60 para eliminarla. Error al ingresar el id.
[2022-10-27 18:51:44] [ INFO ] [ICategoriasService:48] Se edito la categoria
[2022-10-27 19:01:07] [ INFO ] [ICategoriasService:36] Comenzo el proceso: listando category
[2022-10-27 19:02:29] [ INFO ] [ICategoriasService:36] Comenzo el proceso: listando category
[2022-10-27 19:03:12] [ INFO ] [ICategoriasService:41] Comenzo el proceso: guardando categoria
[2022-10-27 19:03:22] [ INFO ] [ICategoriasService:36] Comenzo el proceso: listando category
[2022-10-27 19:04:09] [ ERROR] [GlobalExceptions:16] No se encontro la categoria con id= 60 para eliminarla. Error al ingresar el id.
[2022-10-27 19:04:43] [ INFO ] [ICategoriasService:36] Comenzo el proceso: listando category
[2022-10-27 19:04:59] [ INFO ] [ICategoriasService:48] Se edito la categoria
[2022-10-27 19:05:06] [ INFO ] [ICategoriasService:36] Comenzo el proceso: listando category
[2022-10-27 19:13:26] [ INFO ] [ICategoriasService:25] Comenzo el proceso: buscando categoria
[2022-10-27 19:13:59] [ INFO ] [ICategoriasService:25] Comenzo el proceso: buscando categoria
[2022-10-27 19:14:28] [ INFO ] [ICategoriasService:36] Comenzo el proceso: listando category
[2022-10-27 19:14:35] [ INFO ] [ICategoriasService:25] Comenzo el proceso: buscando categoria
[2022-10-27 19:15:26] [ INFO ] [ICategoriasService:36] Comenzo el proceso: listando category
[2022-10-27 19:15:40] [ INFO ] [ICategoriasService:25] Comenzo el proceso: buscando categoria
[2022-10-27 19:15:51] [ INFO ] [ICategoriasService:25] Comenzo el proceso: buscando categoria
[2022-10-27 19:16:11] [ INFO ] [ICategoriasService:25] Comenzo el proceso: buscando categoria
[2022-10-27 19:16:37] [ INFO ] [ICategoriasService:36] Comenzo el proceso: listando category
[2022-10-27 19:18:27] [ INFO ] [ICategoriasService:41] Comenzo el proceso: guardando categoria
[2022-10-27 19:18:34] [ INFO ] [ICategoriasService:36] Comenzo el proceso: listando category
[2022-10-27 19:19:16] [ ERROR] [GlobalExceptions:16] No se encontro la categoria con id= 60 para eliminarla. Error al ingresar el id.
[2022-10-27 19:19:46] [ INFO ] [ICategoriasService:25] Comenzo el proceso: buscando categoria
[2022-10-27 19:20:11] [ INFO ] [ICategoriasService:48] Se edito la categoria
[2022-10-27 19:20:34] [ INFO ] [ICategoriasService:36] Comenzo el proceso: listando category
[2022-10-27 20:29:01] [ INFO ] [ICategoriasService:36] Comenzo el proceso: listando category
[2022-10-27 21:00:56] [ INFO ] [ICategoriasService:36] Comenzo el proceso: listando category
[2022-10-27 21:14:48] [ INFO ] [ICategoriasService:25] Comenzo el proceso: buscando categoria
[2022-10-27 21:20:55] [ INFO ] [ICategoriasService:36] Comenzo el proceso: listando category
[2022-10-27 21:56:32] [ INFO ] [ICategoriasService:36] Comenzo el proceso: listando category
[2022-10-27 23:14:32] [ INFO ] [ICategoriasService:36] Comenzo el proceso: listando category
[2022-10-27 23:15:13] [ INFO ] [ICategoriasService:41] Comenzo el proceso: guardando categoria
[2022-10-27 23:15:41] [ ERROR] [GlobalExceptions:16] No se encontro la categoria con id= 60 para eliminarla. Error al ingresar el id.
[2022-10-27 23:15:55] [ INFO ] [ICategoriasService:25] Comenzo el proceso: buscando categoria
[2022-10-27 23:16:11] [ INFO ] [ICategoriasService:48] Se edito la categoria
[2022-11-01 21:06:43] [ INFO ] [ICategoryService:36] Comenzo el proceso: listando categorias
[2022-11-01 21:06:44] [ INFO ] [ICategoryService:41] Comenzo el proceso: guardando categoria
[2022-11-01 21:06:44] [ ERROR] [GlobalExceptions:16] No se encontro la categoria con id= 53 para eliminarla. Error al ingresar el id.
[2022-11-01 21:06:44] [ ERROR] [GlobalExceptions:16] No se encontro la categoria con id= 60 para eliminarla. Error al ingresar el id.
[2022-11-01 21:06:44] [ ERROR] [GlobalExceptions:16] No se encontro la categoria con id= 28. Error al ingresar el id.
[2022-11-01 21:06:44] [ ERROR] [GlobalExceptions:16] No se encontro la categoria con id= 28 para editarla. Error al ingresar el id.
[2022-11-01 21:07:43] [ INFO ] [ICategoryService:36] Comenzo el proceso: listando categorias
[2022-11-01 21:09:23] [ INFO ] [ICategoryService:36] Comenzo el proceso: listando categorias
[2022-11-01 21:10:29] [ INFO ] [ICategoryService:41] Comenzo el proceso: guardando categoria
[2022-11-01 21:12:24] [ INFO ] [ICategoryService:36] Comenzo el proceso: listando categorias
[2022-11-01 21:12:33] [ INFO ] [ICategoryService:41] Comenzo el proceso: guardando categoria
[2022-11-01 22:48:51] [ INFO ] [ICategoryService:36] Comenzo el proceso: listando categorias
[2022-11-01 22:48:52] [ INFO ] [ICategoryService:41] Comenzo el proceso: guardando categoria
[2022-11-01 22:48:52] [ ERROR] [GlobalExceptions:16] No se encontro la categoria con id= 53 para eliminarla. Error al ingresar el id.
[2022-11-01 22:48:52] [ ERROR] [GlobalExceptions:16] No se encontro la categoria con id= 60 para eliminarla. Error al ingresar el id.
[2022-11-01 22:48:52] [ INFO ] [ICategoryService:25] Comenzo el proceso: buscando categoria
[2022-11-01 22:48:52] [ INFO ] [ICategoryService:48] Se edito la categoria
[2022-11-02 13:49:28] [ INFO ] [ICategoryService:36] Comenzo el proceso: listando categorias
[2022-11-02 14:26:56] [ INFO ] [ICityService:27] Comenzo el proceso: guardando ciudad
[2022-11-02 14:32:50] [ INFO ] [ICityService:27] Comenzo el proceso: guardando ciudad
[2022-11-02 14:34:39] [ INFO ] [ICityService:27] Comenzo el proceso: guardando ciudad
[2022-11-02 14:34:57] [ INFO ] [ICityService:27] Comenzo el proceso: guardando ciudad
[2022-11-02 14:35:48] [ INFO ] [ICityService:27] Comenzo el proceso: guardando ciudad
[2022-11-02 14:36:02] [ INFO ] [ICityService:27] Comenzo el proceso: guardando ciudad
[2022-11-02 14:40:56] [ INFO ] [ICityService:27] Comenzo el proceso: guardando ciudad
[2022-11-02 14:44:57] [ INFO ] [ICityService:27] Comenzo el proceso: guardando ciudad
[2022-11-02 14:57:33] [ INFO ] [ICategoryService:41] Comenzo el proceso: guardando categoria
[2022-11-02 14:59:59] [ INFO ] [ICityService:27] Comenzo el proceso: guardando ciudad
[2022-11-02 15:05:52] [ INFO ] [ICityService:27] Comenzo el proceso: guardando ciudad
[2022-11-02 15:09:04] [ INFO ] [ICategoryService:36] Comenzo el proceso: listando categorias
[2022-11-02 15:18:31] [ INFO ] [ICityService:27] Comenzo el proceso: guardando ciudad
[2022-11-02 15:18:49] [ INFO ] [ICategoryService:41] Comenzo el proceso: guardando categoria
[2022-11-02 15:21:24] [ INFO ] [ICityService:27] Comenzo el proceso: guardando ciudad
[2022-11-02 15:21:42] [ INFO ] [ICategoryService:41] Comenzo el proceso: guardando categoria
[2022-11-02 15:23:24] [ INFO ] [IProductService:43] Comenzo el proceso: guardando producto
[2022-11-02 15:32:16] [ INFO ] [ICityService:27] Comenzo el proceso: guardando ciudad
[2022-11-02 15:34:41] [ INFO ] [IProductService:43] Comenzo el proceso: guardando producto
[2022-11-02 15:35:09] [ INFO ] [ICategoryService:36] Comenzo el proceso: listando categorias
[2022-11-02 15:35:27] [ INFO ] [ICategoryService:41] Comenzo el proceso: guardando categoria
[2022-11-02 15:35:32] [ INFO ] [ICategoryService:36] Comenzo el proceso: listando categorias
[2022-11-02 15:36:39] [ INFO ] [IProductService:43] Comenzo el proceso: guardando producto
[2022-11-02 15:36:56] [ INFO ] [IProductService:43] Comenzo el proceso: guardando producto
[2022-11-02 15:37:19] [ INFO ] [IProductService:43] Comenzo el proceso: guardando producto
[2022-11-02 15:38:35] [ INFO ] [ICityService:27] Comenzo el proceso: guardando ciudad
[2022-11-02 15:38:46] [ INFO ] [ICityService:27] Comenzo el proceso: guardando ciudad
[2022-11-02 15:38:57] [ INFO ] [ICityService:27] Comenzo el proceso: guardando ciudad
[2022-11-02 15:39:29] [ INFO ] [ICityService:22] Comenzo el proceso: listando ciudades
[2022-11-03 14:43:32] [ INFO ] [IProductService:43] Comenzo el proceso: guardando producto
[2022-11-03 14:46:17] [ INFO ] [IProductService:43] Comenzo el proceso: guardando producto
[2022-11-03 14:50:11] [ INFO ] [IProductService:43] Comenzo el proceso: guardando producto
[2022-11-03 14:50:17] [ INFO ] [IProductService:43] Comenzo el proceso: guardando producto
[2022-11-03 14:51:31] [ INFO ] [IProductService:43] Comenzo el proceso: guardando producto
[2022-11-03 14:53:56] [ INFO ] [IProductService:43] Comenzo el proceso: guardando producto
[2022-11-03 15:20:55] [ INFO ] [ICategoryService:41] Comenzo el proceso: guardando categoria
[2022-11-03 15:21:50] [ INFO ] [ICityService:29] Comenzo el proceso: guardando ciudad
[2022-11-03 16:30:44] [ INFO ] [IProductService:45] Comenzo el proceso: listando productos
[2022-11-03 19:47:27] [ INFO ] [ICategoryService:41] Comenzo el proceso: guardando categoria
[2022-11-03 19:47:43] [ INFO ] [ICityService:29] Comenzo el proceso: guardando ciudad
[2022-11-03 20:50:09] [ INFO ] [ICityService:29] Comenzo el proceso: guardando ciudad
[2022-11-03 20:50:24] [ INFO ] [ICategoryService:41] Comenzo el proceso: guardando categoria
[2022-11-04 01:04:28] [ INFO ] [ICategoryService:41] Comenzo el proceso: guardando categoria
[2022-11-04 01:04:35] [ INFO ] [ICityService:29] Comenzo el proceso: guardando ciudad
[2022-11-04 01:10:12] [ INFO ] [IProductService:43] Comenzó el proceso: guardando producto
[2022-11-04 01:22:11] [ INFO ] [IProductService:43] Comenzó el proceso: guardando producto
[2022-11-04 16:08:29] [ INFO ] [ICategoryService:41] Comenzo el proceso: guardando categoria
[2022-11-04 19:31:21] [ INFO ] [ICategoryService:41] Comenzo el proceso: guardando categoria
[2022-11-05 01:18:34] [ INFO ] [ICategoryService:36] Comenzo el proceso: listando categorias
[2022-11-05 01:19:03] [ INFO ] [ICategoryService:41] Comenzo el proceso: guardando categoria
[2022-11-05 01:21:23] [ INFO ] [IProductService:72] Comenzo el proceso: listando productos
[2022-11-05 01:25:03] [ INFO ] [IProductService:72] Comenzo el proceso: listando productos
[2022-11-05 01:28:36] [ INFO ] [IProductService:43] Comenzó el proceso: guardando producto
[2022-11-05 01:29:31] [ INFO ] [IProductService:43] Comenzó el proceso: guardando producto
[2022-11-05 01:32:15] [ INFO ] [IProductService:43] Comenzó el proceso: guardando producto
[2022-11-05 01:33:05] [ INFO ] [IProductService:72] Comenzo el proceso: listando productos
[2022-11-05 01:33:37] [ INFO ] [IProductService:72] Comenzo el proceso: listando productos
[2022-11-05 01:36:39] [ INFO ] [IProductService:72] Comenzo el proceso: listando productos
[2022-11-05 01:42:04] [ INFO ] [IProductService:43] Comenzó el proceso: guardando producto
[2022-11-05 01:42:23] [ INFO ] [IProductService:72] Comenzo el proceso: listando productos
[2022-11-05 01:44:59] [ INFO ] [ICityService:24] Comenzo el proceso: listando ciudades
[2022-11-05 01:51:36] [ INFO ] [ICityService:24] Comenzo el proceso: listando ciudades
[2022-11-05 01:52:40] [ INFO ] [ICityService:24] Comenzo el proceso: listando ciudades
[2022-11-05 01:55:42] [ INFO ] [IProductService:43] Comenzó el proceso: guardando producto
[2022-11-05 01:56:07] [ INFO ] [IProductService:43] Comenzó el proceso: guardando producto
[2022-11-05 01:58:28] [ INFO ] [IProductService:72] Comenzo el proceso: listando productos
[2022-11-05 01:58:58] [ INFO ] [IProductService:43] Comenzó el proceso: guardando producto
[2022-11-05 01:59:29] [ INFO ] [IProductService:43] Comenzó el proceso: guardando producto
[2022-11-05 02:10:25] [ INFO ] [IProductService:72] Comenzo el proceso: listando productos
[2022-11-05 02:12:05] [ INFO ] [IProductService:72] Comenzo el proceso: listando productos
[2022-11-05 02:12:53] [ INFO ] [IProductService:43] Comenzó el proceso: guardando producto
[2022-11-05 02:13:41] [ INFO ] [ICategoryService:36] Comenzo el proceso: listando categorias
[2022-11-05 02:13:57] [ INFO ] [IProductService:72] Comenzo el proceso: listando productos
[2022-11-05 02:15:33] [ INFO ] [IProductService:43] Comenzó el proceso: guardando producto
[2022-11-05 02:17:59] [ INFO ] [ICategoryService:36] Comenzo el proceso: listando categorias
[2022-11-05 02:18:10] [ INFO ] [IProductService:72] Comenzo el proceso: listando productos
[2022-11-05 02:18:32] [ INFO ] [IProductService:43] Comenzó el proceso: guardando producto
[2022-11-05 02:18:52] [ INFO ] [ICityService:24] Comenzo el proceso: listando ciudades
[2022-11-05 02:19:04] [ INFO ] [IProductService:72] Comenzo el proceso: listando productos
[2022-11-06 18:13:31] [ INFO ] [IProductService:72] Comenzo el proceso: listando productos
[2022-11-06 18:15:14] [ INFO ] [IProductService:72] Comenzo el proceso: listando productos
[2022-11-06 18:15:27] [ INFO ] [IProductService:72] Comenzo el proceso: listando productos
[2022-11-07 23:48:18] [ INFO ] [ICategoryService:28] Comenzo el proceso: buscando categoria
[2022-11-07 23:49:59] [ INFO ] [ICityService:36] Comenzo el proceso: buscando ciudad
[2022-11-07 23:53:45] [ ERROR] [GlobalExceptions:16] No se encontro la categoria con id= 28. Error al ingresar el id.
[2022-11-07 23:53:50] [ INFO ] [ICategoryService:28] Comenzo el proceso: buscando categoria
[2022-11-08 00:14:01] [ INFO ] [IProductService:73] Comenzo el proceso: listando productos
[2022-11-08 01:09:45] [ INFO ] [IProductService:73] Comenzo el proceso: listando productos
[2022-11-08 01:13:24] [ INFO ] [IProductService:78] Comenzo el proceso: listando productos por categoría
[2022-11-08 01:13:37] [ INFO ] [IProductService:84] Comenzo el proceso: listando productos por ciudad
[2022-11-08 01:13:55] [ INFO ] [IProductService:78] Comenzo el proceso: listando productos por categoría
[2022-11-08 01:15:09] [ INFO ] [IProductService:84] Comenzo el proceso: listando productos por ciudad
[2022-11-08 01:27:06] [ INFO ] [IProductService:84] Comenzo el proceso: listando productos por ciudad
[2022-11-08 01:27:12] [ INFO ] [IProductService:78] Comenzo el proceso: listando productos por categoria
[2022-11-08 01:27:17] [ INFO ] [IProductService:73] Comenzo el proceso: listando productos
[2022-11-08 01:27:49] [ INFO ] [ICityService:24] Comenzo el proceso: listando ciudades
[2022-11-08 11:00:04] [ INFO ] [IProductService:78] Comenzo el proceso: listando productos
[2022-11-08 11:20:21] [ INFO ] [ICharacteristicService:30] Comenzo el proceso: listando caracteristicas
[2022-11-08 21:05:27] [ INFO ] [IProductService:73] Comenzo el proceso: listando productos
[2022-11-08 21:23:45] [ INFO ] [IProductService:78] Comenzo el proceso: listando productos de manera aleatoria
[2022-11-08 21:43:44] [ INFO ] [ICharacteristicService:30] Comenzo el proceso: listando caracteristicas
[2022-11-08 21:49:11] [ INFO ] [ICharacteristicService:30] Comenzo el proceso: listando caracteristicas
[2022-11-08 22:06:28] [ INFO ] [IProductService:73] Comenzo el proceso: listando productos
[2022-11-08 22:55:00] [ INFO ] [IProductService:78] Comenzo el proceso: listando productos de manera aleatoria
[2022-11-08 23:49:57] [ INFO ] [IProductService:94] Comenzo el proceso: listando productos por caracteristica
[2022-11-09 01:59:44] [ INFO ] [IProductService:75] Comenzo el proceso: listando productos
[2022-11-09 02:00:08] [ INFO ] [ICharacteristicService:30] Comenzo el proceso: listando caracteristicas
[2022-11-09 02:17:37] [ INFO ] [IProductService:75] Comenzo el proceso: listando productos
[2022-11-09 02:17:46] [ INFO ] [ICharacteristicService:30] Comenzo el proceso: listando caracteristicas
[2022-11-09 02:19:01] [ INFO ] [IProductService:75] Comenzo el proceso: listando productos
[2022-11-09 02:20:58] [ INFO ] [IProductService:75] Comenzo el proceso: listando productos
[2022-11-09 02:22:50] [ INFO ] [IProductService:75] Comenzo el proceso: listando productos
[2022-11-09 13:27:27] [ INFO ] [IProductService:76] Comenzo el proceso: listando productos
[2022-11-09 13:28:53] [ INFO ] [IProductService:82] Comenzo el proceso: listando productos de manera aleatoria
[2022-11-09 13:31:44] [ INFO ] [IProductService:82] Comenzo el proceso: listando productos de manera aleatoria
[2022-11-09 13:34:49] [ INFO ] [IProductService:82] Comenzo el proceso: listando productos de manera aleatoria
[2022-11-09 13:36:52] [ INFO ] [IProductService:82] Comenzo el proceso: listando productos de manera aleatoria
[2022-11-09 13:39:59] [ INFO ] [IProductService:76] Comenzo el proceso: listando productos
[2022-11-09 13:40:12] [ INFO ] [IProductService:82] Comenzo el proceso: listando productos de manera aleatoria
[2022-11-09 13:44:21] [ INFO ] [IProductService:76] Comenzo el proceso: listando productos
[2022-11-09 13:44:23] [ INFO ] [IProductService:82] Comenzo el proceso: listando productos de manera aleatoria
[2022-11-09 13:44:46] [ INFO ] [IProductService:82] Comenzo el proceso: listando productos de manera aleatoria
[2022-11-09 13:48:45] [ INFO ] [IProductService:88] Comenzo el proceso: listando productos por categoria
[2022-11-09 13:48:55] [ INFO ] [IProductService:95] Comenzo el proceso: listando productos por ciudad
[2022-11-09 18:00:30] [ INFO ] [IProductService:76] Comenzo el proceso: listando productos
[2022-11-09 18:00:40] [ INFO ] [IProductService:82] Comenzo el proceso: listando productos de manera aleatoria
[2022-11-09 18:06:57] [ INFO ] [IProductService:76] Comenzo el proceso: listando productos
[2022-11-09 18:08:22] [ INFO ] [IProductService:76] Comenzo el proceso: listando productos
[2022-11-09 18:09:30] [ INFO ] [IProductService:76] Comenzo el proceso: listando productos
[2022-11-09 18:09:38] [ INFO ] [IProductService:76] Comenzo el proceso: listando productos
[2022-11-09 18:10:30] [ INFO ] [IProductService:76] Comenzo el proceso: listando productos
[2022-11-09 18:13:46] [ INFO ] [IProductService:95] Comenzo el proceso: listando productos por ciudad
[2022-11-09 18:19:46] [ INFO ] [IProductService:77] Comenzo el proceso: listando productos
[2022-11-09 18:20:49] [ INFO ] [IProductService:77] Comenzo el proceso: listando productos
[2022-11-09 18:26:49] [ INFO ] [IProductService:77] Comenzo el proceso: listando productos
[2022-11-09 18:27:20] [ INFO ] [IProductService:83] Comenzo el proceso: listando productos de manera aleatoria
[2022-11-09 18:27:37] [ INFO ] [IProductService:89] Comenzo el proceso: listando productos por categoria
[2022-11-09 18:27:54] [ INFO ] [IProductService:96] Comenzo el proceso: listando productos por ciudad
[2022-11-09 18:28:04] [ INFO ] [IProductService:89] Comenzo el proceso: listando productos por categoria
[2022-11-09 18:28:24] [ INFO ] [IProductService:47] Comenzó el proceso: guardando producto
[2022-11-09 18:29:16] [ INFO ] [IProductService:77] Comenzo el proceso: listando productos
[2022-11-09 18:53:38] [ INFO ] [ICategoryService:40] Comenzo el proceso: listando categorias
[2022-11-09 18:59:03] [ INFO ] [IProductService:65] Comenzo el proceso: buscando producto
[2022-11-10 01:23:07] [ INFO ] [IProductService:65] Comenzo el proceso: buscando producto
[2022-11-10 01:23:14] [ INFO ] [IProductService:65] Comenzo el proceso: buscando producto
[2022-11-10 01:24:00] [ INFO ] [IProductService:65] Comenzo el proceso: buscando producto
[2022-11-10 01:25:48] [ INFO ] [IProductService:65] Comenzo el proceso: buscando producto
[2022-11-10 01:26:58] [ INFO ] [ICategoryService:40] Comenzo el proceso: listando categorias
[2022-11-10 01:27:09] [ INFO ] [IProductService:77] Comenzo el proceso: listando productos
[2022-11-10 01:27:23] [ INFO ] [IProductService:83] Comenzo el proceso: listando productos de manera aleatoria
[2022-11-10 01:28:25] [ INFO ] [ICategoryService:40] Comenzo el proceso: listando categorias
[2022-11-10 01:28:32] [ INFO ] [ICityService:25] Comenzo el proceso: listando ciudades
[2022-11-10 01:28:38] [ INFO ] [IProductService:77] Comenzo el proceso: listando productos
[2022-11-10 01:38:39] [ INFO ] [IProductService:77] Comenzo el proceso: listando productos
[2022-11-10 01:42:49] [ INFO ] [IProductService:77] Comenzo el proceso: listando productos
[2022-11-10 01:43:28] [ INFO ] [IProductService:77] Comenzo el proceso: listando productos
[2022-11-10 01:47:35] [ INFO ] [IProductService:77] Comenzo el proceso: listando productos
[2022-11-10 01:50:08] [ INFO ] [IProductService:96] Comenzo el proceso: listando productos por ciudad
[2022-11-10 02:01:51] [ INFO ] [IProductService:77] Comenzo el proceso: listando productos
[2022-11-10 02:02:54] [ INFO ] [ICharacteristicService:31] Comenzo el proceso: listando caracteristicas
[2022-11-10 02:03:00] [ INFO ] [IProductService:77] Comenzo el proceso: listando productos
[2022-11-10 02:03:46] [ INFO ] [IProductService:65] Comenzo el proceso: buscando producto
[2022-11-10 02:04:06] [ INFO ] [IProductService:96] Comenzo el proceso: listando productos por ciudad
[2022-11-10 02:04:11] [ INFO ] [IProductService:77] Comenzo el proceso: listando productos
[2022-11-10 02:05:03] [ INFO ] [IProductService:83] Comenzo el proceso: listando productos de manera aleatoria
[2022-11-10 02:05:15] [ INFO ] [IProductService:77] Comenzo el proceso: listando productos
[2022-11-10 02:13:59] [ INFO ] [IProductService:77] Comenzo el proceso: listando productos
[2022-11-10 02:27:21] [ INFO ] [IProductService:77] Comenzo el proceso: listando productos
[2022-11-10 02:27:29] [ INFO ] [IProductService:65] Comenzo el proceso: buscando producto
[2022-11-10 02:28:20] [ INFO ] [IProductService:77] Comenzo el proceso: listando productos
[2022-11-10 02:28:58] [ INFO ] [IProductService:65] Comenzo el proceso: buscando producto
[2022-11-10 02:29:05] [ INFO ] [IProductService:96] Comenzo el proceso: listando productos por ciudad
[2022-11-10 02:29:15] [ INFO ] [IProductService:77] Comenzo el proceso: listando productos
[2022-11-10 02:29:22] [ INFO ] [IProductService:83] Comenzo el proceso: listando productos de manera aleatoria
[2022-11-10 02:32:27] [ INFO ] [IProductService:96] Comenzo el proceso: listando productos por ciudad
[2022-11-10 02:32:34] [ INFO ] [IProductService:77] Comenzo el proceso: listando productos
[2022-11-10 02:33:49] [ INFO ] [IProductService:96] Comenzo el proceso: listando productos por ciudad
[2022-11-10 02:35:24] [ INFO ] [IProductService:83] Comenzo el proceso: listando productos de manera aleatoria
[2022-11-10 03:06:25] [ INFO ] [IProductService:77] Comenzo el proceso: listando productos
[2022-11-10 03:06:57] [ INFO ] [ICityService:25] Comenzo el proceso: listando ciudades
[2022-11-10 03:07:04] [ INFO ] [ICharacteristicService:31] Comenzo el proceso: listando caracteristicas
[2022-11-10 03:07:10] [ INFO ] [IProductService:77] Comenzo el proceso: listando productos
[2022-11-10 03:07:16] [ INFO ] [IProductService:83] Comenzo el proceso: listando productos de manera aleatoria
[2022-11-10 03:07:21] [ INFO ] [IProductService:96] Comenzo el proceso: listando productos por ciudad
[2022-11-10 03:07:27] [ INFO ] [IProductService:89] Comenzo el proceso: listando productos por categoria
[2022-11-10 03:07:37] [ INFO ] [IProductService:96] Comenzo el proceso: listando productos por ciudad
[2022-11-10 03:07:45] [ INFO ] [IProductService:83] Comenzo el proceso: listando productos de manera aleatoria
[2022-11-10 03:09:46] [ INFO ] [IProductService:77] Comenzo el proceso: listando productos
[2022-11-10 03:09:56] [ INFO ] [IProductService:83] Comenzo el proceso: listando productos de manera aleatoria
[2022-11-10 03:11:11] [ INFO ] [IProductService:83] Comenzo el proceso: listando productos de manera aleatoria
[2022-11-10 03:11:15] [ INFO ] [IProductService:77] Comenzo el proceso: listando productos
[2022-11-10 03:11:28] [ INFO ] [IProductService:96] Comenzo el proceso: listando productos por ciudad
[2022-11-10 03:11:34] [ INFO ] [IProductService:83] Comenzo el proceso: listando productos de manera aleatoria
[2022-11-10 03:11:38] [ INFO ] [IProductService:77] Comenzo el proceso: listando productos
[2022-11-10 03:11:44] [ INFO ] [IProductService:89] Comenzo el proceso: listando productos por categoria
[2022-11-10 03:11:50] [ INFO ] [IProductService:77] Comenzo el proceso: listando productos
[2022-11-10 03:13:02] [ INFO ] [IProductService:83] Comenzo el proceso: listando productos de manera aleatoria
[2022-11-10 03:13:06] [ INFO ] [IProductService:77] Comenzo el proceso: listando productos
[2022-11-10 03:37:44] [ INFO ] [IProductService:83] Comenzo el proceso: listando productos de manera aleatoria
[2022-11-10 03:37:51] [ INFO ] [IProductService:77] Comenzo el proceso: listando productos
[2022-11-10 15:34:18] [ INFO ] [ICityService:30] Comenzo el proceso: guardando ciudad
[2022-11-10 15:36:12] [ INFO ] [ICityService:25] Comenzo el proceso: listando ciudades
[2022-11-10 15:36:54] [ INFO ] [ICityService:37] Comenzo el proceso: buscando ciudad
[2022-11-10 15:37:41] [ ERROR] [GlobalExceptions:16] No se encontro la ciudad con id= 60 para eliminarla. Error al ingresar el id.
[2022-11-10 15:40:17] [ INFO ] [ICityService:25] Comenzo el proceso: listando ciudades
[2022-11-10 16:04:26] [ INFO ] [IProductService:47] Comenzó el proceso: guardando producto
[2022-11-10 16:08:05] [ INFO ] [IProductService:112] Se edito el producto
[2022-11-10 16:08:41] [ ERROR] [GlobalExceptions:16] No se encontro el producto con id= 500 para eliminarlo. Error al ingresar el id.
[2022-11-10 16:10:33] [ INFO ] [IProductService:77] Comenzo el proceso: listando productos
[2022-11-10 16:10:51] [ INFO ] [IProductService:65] Comenzo el proceso: buscando producto
[2022-11-10 16:11:42] [ INFO ] [IProductService:89] Comenzo el proceso: listando productos por categoria
[2022-11-10 16:11:49] [ INFO ] [IProductService:96] Comenzo el proceso: listando productos por ciudad
[2022-11-10 16:11:59] [ INFO ] [IProductService:83] Comenzo el proceso: listando productos de manera aleatoria
[2022-11-10 16:12:17] [ INFO ] [IProductService:96] Comenzo el proceso: listando productos por ciudad
[2022-11-10 16:12:31] [ INFO ] [ICharacteristicService:31] Comenzo el proceso: listando caracteristicas
[2022-11-10 16:15:33] [ INFO ] [ICharacteristicService:39] Comenzo el proceso: buscando caracteristica
[2022-11-10 16:20:43] [ INFO ] [ICharacteristicService:27] Comenzo el proceso: guardando caracteristica
[2022-11-10 16:24:40] [ INFO ] [IImageService:39] Comenzo el proceso: listando imagenes
[2022-11-10 16:26:11] [ INFO ] [IImageService:27] Comenzo el proceso: buscando imagen
[2022-11-10 16:28:22] [ INFO ] [IImageService:27] Comenzo el proceso: buscando imagen
[2022-11-10 16:28:28] [ INFO ] [IImageService:39] Comenzo el proceso: listando imagenes
[2022-11-10 16:29:24] [ INFO ] [IImageService:45] Comenzo el proceso: guardando imagen
[2022-11-10 16:31:54] [ INFO ] [IImageService:27] Comenzo el proceso: buscando imagen
[2022-11-10 16:32:00] [ INFO ] [IImageService:39] Comenzo el proceso: listando imagenes
[2022-11-10 16:32:07] [ INFO ] [IImageService:45] Comenzo el proceso: guardando imagen
[2022-11-10 16:33:37] [ INFO ] [IProductService:65] Comenzo el proceso: buscando producto
[2022-11-10 16:37:10] [ INFO ] [IProductService:65] Comenzo el proceso: buscando producto
[2022-11-10 16:37:34] [ INFO ] [IProductService:77] Comenzo el proceso: listando productos
[2022-11-10 16:54:30] [ INFO ] [IProductService:77] Comenzo el proceso: listando productos
[2022-11-10 16:55:06] [ INFO ] [IProductService:65] Comenzo el proceso: buscando producto
[2022-11-10 17:08:56] [ INFO ] [ICityService:25] Comenzo el proceso: listando ciudades
[2022-11-10 17:10:01] [ INFO ] [ICityService:25] Comenzo el proceso: listando ciudades
[2022-11-10 17:10:17] [ INFO ] [ICityService:25] Comenzo el proceso: listando ciudades
[2022-11-10 17:11:12] [ INFO ] [ICityService:25] Comenzo el proceso: listando ciudades
[2022-11-10 17:12:25] [ INFO ] [IProductService:77] Comenzo el proceso: listando productos
[2022-11-10 17:37:56] [ INFO ] [IProductService:77] Comenzo el proceso: listando productos
[2022-11-10 17:38:38] [ INFO ] [IProductService:77] Comenzo el proceso: listando productos
[2022-11-10 17:38:50] [ INFO ] [IProductService:77] Comenzo el proceso: listando productos
[2022-11-10 17:42:55] [ INFO ] [IImageService:39] Comenzo el proceso: listando imagenes
[2022-11-10 17:43:20] [ INFO ] [ICharacteristicService:32] Comenzo el proceso: listando caracteristicas
[2022-11-10 17:43:50] [ INFO ] [IImageService:39] Comenzo el proceso: listando imagenes
[2022-11-10 17:44:17] [ INFO ] [ICategoryService:40] Comenzo el proceso: listando categorias
[2022-11-10 17:44:25] [ INFO ] [ICategoryService:40] Comenzo el proceso: listando categorias
[2022-11-10 18:34:21] [ INFO ] [ICategoryService:40] Comenzo el proceso: listando categorias
[2022-11-10 18:34:22] [ INFO ] [ICategoryService:46] Comenzo el proceso: guardando categoria
[2022-11-10 18:34:24] [ ERROR] [GlobalExceptions:16] No se encontro la categoria con id= 53 para eliminarla. Error al ingresar el id.
[2022-11-10 18:34:25] [ ERROR] [GlobalExceptions:16] No se encontro la categoria con id= 60 para eliminarla. Error al ingresar el id.
[2022-11-10 18:34:27] [ INFO ] [ICategoryService:29] Comenzo el proceso: buscando categoria
[2022-11-10 18:34:28] [ ERROR] [GlobalExceptions:16] No se encontro la categoria con id= 28 para editarla. Error al ingresar el id.
[2022-11-10 18:34:28] [ INFO ] [ICityService:30] Comenzo el proceso: guardando ciudad
[2022-11-10 18:34:30] [ ERROR] [GlobalExceptions:16] No se encontro la ciudad con id= 86 para eliminarla. Error al ingresar el id.
[2022-11-10 18:34:31] [ ERROR] [GlobalExceptions:16] No se encontro la ciudad con id= 60 para eliminarla. Error al ingresar el id.
[2022-11-10 18:34:31] [ INFO ] [ICityService:25] Comenzo el proceso: listando ciudades
[2022-11-10 18:34:34] [ INFO ] [ICityService:37] Comenzo el proceso: buscando ciudad
[2022-11-10 18:34:36] [ INFO ] [IProductService:47] Comenzó el proceso: guardando producto
[2022-11-10 18:34:38] [ ERROR] [GlobalExceptions:16] No se encontro el producto con id= 623 para editarlo. Error al ingresar el id.
[2022-11-10 18:34:39] [ ERROR] [GlobalExceptions:16] No se encontro el producto con id= 623 para eliminarlo. Error al ingresar el id.
[2022-11-10 18:34:40] [ ERROR] [GlobalExceptions:16] No se encontro el producto con id= 500 para eliminarlo. Error al ingresar el id.
[2022-11-10 18:34:41] [ INFO ] [IProductService:77] Comenzo el proceso: listando productos
[2022-11-10 18:34:48] [ INFO ] [IProductService:65] Comenzo el proceso: buscando producto
[2022-11-10 18:34:49] [ INFO ] [IProductService:89] Comenzo el proceso: listando productos por categoria
[2022-11-10 18:34:51] [ INFO ] [IProductService:96] Comenzo el proceso: listando productos por ciudad
[2022-11-10 18:34:52] [ INFO ] [IProductService:83] Comenzo el proceso: listando productos de manera aleatoria
[2022-11-10 18:34:57] [ INFO ] [ICharacteristicService:32] Comenzo el proceso: listando caracteristicas
[2022-11-10 18:34:59] [ INFO ] [ICharacteristicService:27] Comenzo el proceso: guardando caracteristica
[2022-11-10 18:35:01] [ ERROR] [GlobalExceptions:16] No se encontro la caracteristica con id= 9 para eliminarla. Error al ingresar el id.
[2022-11-10 18:35:02] [ INFO ] [ICharacteristicService:40] Comenzo el proceso: buscando caracteristica
[2022-11-10 18:35:02] [ INFO ] [IImageService:39] Comenzo el proceso: listando imagenes
[2022-11-10 18:35:03] [ INFO ] [IImageService:45] Comenzo el proceso: guardando imagen
[2022-11-10 18:35:05] [ ERROR] [GlobalExceptions:16] No se encontro la imagen con id= 42 para eliminarla. Error al ingresar el id.
[2022-11-10 18:35:06] [ INFO ] [IImageService:27] Comenzo el proceso: buscando imagen
[2022-11-10 18:35:20] [ INFO ] [ICityService:30] Comenzo el proceso: guardando ciudad
[2022-11-10 18:35:22] [ ERROR] [GlobalExceptions:16] No se encontro la ciudad con id= 86 para eliminarla. Error al ingresar el id.
[2022-11-10 18:35:24] [ ERROR] [GlobalExceptions:16] No se encontro la ciudad con id= 60 para eliminarla. Error al ingresar el id.
[2022-11-10 18:35:24] [ INFO ] [ICityService:25] Comenzo el proceso: listando ciudades
[2022-11-10 18:35:26] [ INFO ] [ICityService:37] Comenzo el proceso: buscando ciudad
[2022-11-10 18:35:28] [ INFO ] [IProductService:47] Comenzó el proceso: guardando producto
[2022-11-10 18:35:31] [ ERROR] [GlobalExceptions:16] No se encontro el producto con id= 623 para editarlo. Error al ingresar el id.
[2022-11-10 18:35:32] [ ERROR] [GlobalExceptions:16] No se encontro el producto con id= 623 para eliminarlo. Error al ingresar el id.
[2022-11-10 18:35:33] [ ERROR] [GlobalExceptions:16] No se encontro el producto con id= 500 para eliminarlo. Error al ingresar el id.
[2022-11-10 18:35:33] [ INFO ] [IProductService:77] Comenzo el proceso: listando productos
[2022-11-10 18:35:41] [ INFO ] [IProductService:65] Comenzo el proceso: buscando producto
[2022-11-10 18:35:42] [ INFO ] [IProductService:89] Comenzo el proceso: listando productos por categoria
[2022-11-10 18:35:44] [ INFO ] [IProductService:96] Comenzo el proceso: listando productos por ciudad
[2022-11-10 18:35:45] [ INFO ] [IProductService:83] Comenzo el proceso: listando productos de manera aleatoria
[2022-11-10 18:35:51] [ INFO ] [ICharacteristicService:32] Comenzo el proceso: listando caracteristicas
[2022-11-10 18:35:53] [ INFO ] [ICharacteristicService:27] Comenzo el proceso: guardando caracteristica
[2022-11-10 18:35:55] [ ERROR] [GlobalExceptions:16] No se encontro la caracteristica con id= 9 para eliminarla. Error al ingresar el id.
[2022-11-10 18:35:56] [ INFO ] [ICharacteristicService:40] Comenzo el proceso: buscando caracteristica
[2022-11-10 18:35:56] [ INFO ] [IImageService:39] Comenzo el proceso: listando imagenes
[2022-11-10 18:35:57] [ INFO ] [IImageService:45] Comenzo el proceso: guardando imagen
[2022-11-10 18:35:59] [ ERROR] [GlobalExceptions:16] No se encontro la imagen con id= 42 para eliminarla. Error al ingresar el id.
[2022-11-10 18:36:01] [ INFO ] [IImageService:27] Comenzo el proceso: buscando imagen
[2022-11-10 19:36:57] [ INFO ] [IProductService:47] Comenzó el proceso: guardando producto
[2022-11-10 19:38:04] [ INFO ] [IProductService:112] Se edito el producto
[2022-11-10 19:39:39] [ ERROR] [GlobalExceptions:16] No se encontro el producto con id= 800 para eliminarlo. Error al ingresar el id.
[2022-11-10 19:39:42] [ INFO ] [IProductService:77] Comenzo el proceso: listando productos
[2022-11-10 19:40:01] [ INFO ] [IProductService:65] Comenzo el proceso: buscando producto
[2022-11-10 19:40:11] [ INFO ] [IProductService:89] Comenzo el proceso: listando productos por categoria
[2022-11-10 19:40:19] [ INFO ] [IProductService:96] Comenzo el proceso: listando productos por ciudad
[2022-11-10 19:40:26] [ INFO ] [IProductService:83] Comenzo el proceso: listando productos de manera aleatoria
[2022-11-10 20:40:19] [ INFO ] [IProductService:47] Comenzó el proceso: guardando producto
[2022-11-10 21:03:13] [ INFO ] [IProductService:96] Comenzo el proceso: listando productos por ciudad
[2022-11-10 21:04:01] [ INFO ] [IProductService:83] Comenzo el proceso: listando productos de manera aleatoria
[2022-11-10 21:04:29] [ INFO ] [IProductService:65] Comenzo el proceso: buscando producto
[2022-11-10 22:47:41] [ INFO ] [IProductService:47] Comenzó el proceso: guardando producto
[2022-11-10 22:48:06] [ INFO ] [IProductService:65] Comenzo el proceso: buscando producto
[2022-11-10 22:48:11] [ INFO ] [IProductService:89] Comenzo el proceso: listando productos por categoria
[2022-11-10 22:48:18] [ INFO ] [IProductService:96] Comenzo el proceso: listando productos por ciudad
[2022-11-10 22:48:25] [ INFO ] [IProductService:83] Comenzo el proceso: listando productos de manera aleatoria
[2022-11-18 21:21:44] [ INFO ] [IUserService:36] Comenzo el proceso: guardando usuario
[2022-11-18 21:22:32] [ INFO ] [IUserService:36] Comenzo el proceso: guardando usuario
[2022-11-18 21:37:35] [ INFO ] [IUserService:36] Comenzo el proceso: guardando usuario
[2022-11-18 21:39:44] [ INFO ] [IUserService:36] Comenzo el proceso: guardando usuario
[2022-11-18 21:42:17] [ INFO ] [IUserService:36] Comenzo el proceso: guardando usuario
[2022-11-18 21:45:49] [ INFO ] [IUserService:36] Comenzo el proceso: guardando usuario
[2022-11-18 21:51:50] [ INFO ] [IUserService:36] Comenzo el proceso: guardando usuario
[2022-11-18 21:53:17] [ INFO ] [IUserService:36] Comenzo el proceso: guardando usuario
[2022-11-21 16:56:37] [ INFO ] [IProductService:77] Comenzo el proceso: listando productos
[2022-11-21 17:14:40] [ INFO ] [IProductService:77] Comenzo el proceso: listando productos
[2022-11-21 22:54:27] [ INFO ] [IUserService:36] Comenzo el proceso: guardando usuario
[2022-11-21 23:05:31] [ INFO ] [IUserService:36] Comenzo el proceso: guardando usuario
[2022-11-21 23:15:14] [ INFO ] [IUserService:36] Comenzo el proceso: guardando usuario
[2022-11-21 23:26:02] [ INFO ] [IUserService:36] Comenzo el proceso: guardando usuario
[2022-11-21 23:26:31] [ INFO ] [IUserService:36] Comenzo el proceso: guardando usuario
[2022-11-21 23:28:06] [ INFO ] [IUserService:36] Comenzo el proceso: guardando usuario
[2022-11-21 23:29:21] [ INFO ] [IUserService:36] Comenzo el proceso: guardando usuario
[2022-11-21 23:36:31] [ INFO ] [IUserService:36] Comenzo el proceso: guardando usuario
[2022-11-21 23:37:15] [ INFO ] [IUserService:36] Comenzo el proceso: guardando usuario
[2022-11-21 23:58:11] [ INFO ] [IUserService:36] Comenzo el proceso: guardando usuario
[2022-11-21 23:58:36] [ INFO ] [IUserService:36] Comenzo el proceso: guardando usuario
[2022-11-22 00:33:27] [ ERROR] [GlobalExceptions:16] No se encontro la reserva con id= 8. Error al ingresar el id.
[2022-11-22 19:04:09] [ INFO ] [IProductService:78] Comenzo el proceso: listando productos
[2022-11-23 00:41:52] [ INFO ] [IUserService:36] Comenzo el proceso: guardando usuario
[2022-11-23 01:12:18] [ INFO ] [IUserService:37] Comenzo el proceso: guardando usuario
[2022-11-23 01:12:19] [ INFO ] [IUserService:43] El email ingresado ya está siendo utilizado por otro usuario
[2022-11-23 01:15:39] [ INFO ] [IUserService:38] Comenzo el proceso: guardando usuario
[2022-11-23 01:15:41] [ INFO ] [IUserService:44] El email ingresado ya está siendo utilizado por otro usuario
[2022-11-23 01:21:58] [ INFO ] [IUserService:38] Comenzo el proceso: guardando usuario
[2022-11-23 01:22:00] [ INFO ] [IUserService:44] El email ingresado ya esta siendo utilizado por otro usuario
[2022-11-23 01:22:19] [ INFO ] [IUserService:38] Comenzo el proceso: guardando usuario
[2022-11-23 16:21:40] [ INFO ] [IUserService:38] Comenzo el proceso: guardando usuario
[2022-11-23 16:21:41] [ INFO ] [IUserService:44] El email ingresado ya esta siendo utilizado por otro usuario
[2022-11-23 16:22:20] [ INFO ] [IUserService:38] Comenzo el proceso: guardando usuario
[2022-11-23 16:25:47] [ INFO ] [IUserService:38] Comenzo el proceso: guardando usuario
[2022-11-23 16:25:49] [ INFO ] [IUserService:44] El email ingresado ya esta siendo utilizado por otro usuario
[2022-11-23 16:26:33] [ INFO ] [IUserService:38] Comenzo el proceso: guardando usuario
[2022-11-23 16:30:25] [ INFO ] [IUserService:38] Comenzo el proceso: guardando usuario
[2022-11-23 16:39:12] [ INFO ] [IUserService:38] Comenzo el proceso: guardando usuario
[2022-11-23 16:47:12] [ INFO ] [IUserService:38] Comenzo el proceso: guardando usuario
[2022-11-24 00:45:50] [ INFO ] [IUserService:38] Comenzo el proceso: guardando usuario
[2022-11-24 16:44:16] [ INFO ] [IUserService:39] Comenzo el proceso: guardando usuario
[2022-11-24 16:44:28] [ INFO ] [IUserService:39] Comenzo el proceso: guardando usuario
[2022-11-24 16:44:53] [ INFO ] [IUserService:39] Comenzo el proceso: guardando usuario
[2022-11-24 16:44:54] [ INFO ] [IUserService:45] El email ingresado ya esta siendo utilizado por otro usuario
[2022-11-24 16:44:54] [ ERROR] [GlobalExceptions:21] El emailandre@gmail.comesta siendo utilizado por otro usuario
[2022-11-24 16:50:14] [ INFO ] [IUserService:39] Comenzo el proceso: guardando usuario
[2022-11-24 16:50:42] [ INFO ] [IUserService:39] Comenzo el proceso: guardando usuario
[2022-11-24 16:51:42] [ INFO ] [IUserService:39] Comenzo el proceso: guardando usuario
[2022-11-24 17:07:36] [ INFO ] [IUserService:40] Comenzo el proceso: guardando usuario
[2022-11-24 19:15:41] [ INFO ] [IUserService:40] Comenzo el proceso: guardando usuario
[2022-11-24 19:15:43] [ INFO ] [IUserService:46] El email ingresado ya esta siendo utilizado por otro usuario
[2022-11-24 19:15:43] [ ERROR] [GlobalExceptions:21] El email sisi@gmail.com esta siendo utilizado por otro usuario
[2022-11-24 19:16:12] [ INFO ] [IUserService:40] Comenzo el proceso: guardando usuario
[2022-11-24 19:16:13] [ INFO ] [IUserService:46] El email ingresado ya esta siendo utilizado por otro usuario
[2022-11-24 19:16:13] [ ERROR] [GlobalExceptions:21] El email sisi@gmail.com esta siendo utilizado por otro usuario
[2022-11-24 19:22:31] [ INFO ] [IUserService:58] Comenzo el proceso: buscando usuario
[2022-11-24 19:22:37] [ INFO ] [IUserService:35] Comenzo el proceso: listando usuarios
[2022-11-24 19:22:55] [ ERROR] [GlobalExceptions:16] No se encontro el ususario con id= 60 para eliminarlo. Error al ingresar el id.
[2022-11-24 19:23:18] [ INFO ] [IUserService:40] Comenzo el proceso: guardando usuario
[2022-11-24 19:23:19] [ INFO ] [IUserService:46] El email ingresado ya esta siendo utilizado por otro usuario
[2022-11-24 19:23:19] [ ERROR] [GlobalExceptions:21] El email sisi@gmail.com esta siendo utilizado por otro usuario
[2022-11-24 19:30:36] [ INFO ] [IRoleService:35] Comenzo el proceso: buscando role
[2022-11-24 19:31:05] [ INFO ] [IRoleService:28] Comenzo el proceso: guardando role
[2022-11-24 19:31:26] [ INFO ] [IRoleService:35] Comenzo el proceso: buscando role
[2022-11-24 19:31:30] [ INFO ] [IRoleService:35] Comenzo el proceso: buscando role
[2022-11-24 20:07:04] [ INFO ] [IUserService:40] Comenzo el proceso: guardando usuario
[2022-11-24 20:07:05] [ INFO ] [IUserService:46] El email ingresado ya esta siendo utilizado por otro usuario
[2022-11-24 20:07:05] [ ERROR] [GlobalExceptions:21] El email sisi@gmail.com esta siendo utilizado por otro usuario
[2022-11-24 20:09:35] [ INFO ] [IUserService:40] Comenzo el proceso: guardando usuario
[2022-11-24 21:36:19] [ INFO ] [IUserService:40] Comenzo el proceso: guardando usuario
[2022-11-24 21:36:38] [ INFO ] [IUserService:40] Comenzo el proceso: guardando usuario
[2022-11-24 21:36:39] [ INFO ] [IUserService:46] El email ingresado ya esta siendo utilizado por otro usuario
[2022-11-24 21:36:39] [ ERROR] [GlobalExceptions:21] El email lucas3@gmail.com esta siendo utilizado por otro usuario
[2022-11-25 21:08:50] [ INFO ] [IUserService:58] Comenzo el proceso: buscando usuario
[2022-11-28 18:38:31] [ INFO ] [IUserService:35] Comenzo el proceso: listando usuarios
[2022-11-28 18:38:54] [ INFO ] [IUserService:35] Comenzo el proceso: listando usuarios
[2022-11-28 22:46:20] [ INFO ] [IUserService:58] Comenzo el proceso: buscando usuario
[2022-11-28 22:47:12] [ INFO ] [IUserService:58] Comenzo el proceso: buscando usuario
[2022-11-28 23:44:20] [ INFO ] [IUserService:40] Comenzo el proceso: guardando usuario
[2022-11-28 23:44:22] [ INFO ] [IUserService:46] El email ingresado ya esta siendo utilizado por otro usuario
[2022-11-28 23:44:22] [ ERROR] [GlobalExceptions:21] El email lucas3@gmail.com esta siendo utilizado por otro usuario
[2022-11-30 15:03:28] [ INFO ] [IUserService:36] Comenzo el proceso: listando usuarios
[2022-11-30 19:31:18] [ INFO ] [IUserService:43] Comenzo el proceso: guardando usuario
[2022-11-30 19:31:20] [ INFO ] [IUserService:49] El email ingresado ya esta siendo utilizado por otro usuario
[2022-11-30 19:31:20] [ ERROR] [GlobalExceptions:29] El email andre@gmail.com esta siendo utilizado por otro usuario
[2022-11-30 23:05:02] [ INFO ] [IUserService:31] Comenzo el proceso: listando usuarios
[2022-11-30 23:16:53] [ INFO ] [IUserService:31] Comenzo el proceso: listando usuarios
[2022-11-30 23:19:36] [ INFO ] [IUserService:31] Comenzo el proceso: listando usuarios
[2022-11-30 23:35:13] [ INFO ] [IUserService:31] Comenzo el proceso: listando usuarios
[2022-12-01 00:23:52] [ INFO ] [IUserService:33] Comenzo el proceso: listando usuarios
[2022-12-01 00:24:13] [ INFO ] [IUserService:38] Comenzo el proceso: guardando usuario
[2022-12-01 00:25:39] [ INFO ] [IUserService:38] Comenzo el proceso: guardando usuario
[2022-12-01 00:27:13] [ INFO ] [IUserService:52] Comenzo el proceso: buscando usuario
[2022-12-05 20:29:28] [ INFO ] [IUserService:33] Comenzo el proceso: listando usuarios
[2022-12-07 14:16:13] [ INFO ] [ICategoryService:42] Comenzo el proceso: listando categorias
[2022-12-07 14:17:56] [ INFO ] [ICategoryService:48] Comenzo el proceso: guardando categoria
[2022-12-07 14:19:24] [ INFO ] [ICityService:25] Comenzo el proceso: listando ciudades
[2022-12-07 14:19:51] [ INFO ] [ICityService:30] Comenzo el proceso: guardando ciudad
[2022-12-08 02:14:12] [ INFO ] [ICharacteristicService:31] Comenzo el proceso: listando caracteristicas
[2022-12-08 02:14:27] [ INFO ] [ICharacteristicService:25] Comenzo el proceso: guardando caracteristica
